<?xml version="1.0" encoding="UTF-8"?>
<testng-results skipped="0" failed="1" ignored="0" total="2" passed="1">
  <reporter-output>
  </reporter-output>
  <suite name="Default suite" duration-ms="22311" started-at="2020-06-08T01:47:18 IST" finished-at="2020-06-08T01:47:41 IST">
    <groups>
    </groups>
    <test name="Default test" duration-ms="22311" started-at="2020-06-08T01:47:18 IST" finished-at="2020-06-08T01:47:41 IST">
      <class name="com.notepad.qa.testcases.NotepadPageTest">
        <test-method status="PASS" signature="setUp()[pri:0, instance:com.notepad.qa.testcases.NotepadPageTest@5cdd8682]" name="setUp" is-config="true" duration-ms="2001" started-at="2020-06-08T01:47:18 IST" finished-at="2020-06-08T01:47:20 IST">
          <reporter-output>
          </reporter-output>
        </test-method> <!-- setUp -->
        <test-method status="PASS" signature="checkifEditbuttonExists()[pri:1, instance:com.notepad.qa.testcases.NotepadPageTest@5cdd8682]" name="checkifEditbuttonExists" duration-ms="345" started-at="2020-06-08T01:47:20 IST" finished-at="2020-06-08T01:47:21 IST">
          <reporter-output>
          </reporter-output>
        </test-method> <!-- checkifEditbuttonExists -->
        <test-method status="PASS" signature="cleanUp()[pri:0, instance:com.notepad.qa.testcases.NotepadPageTest@5cdd8682]" name="cleanUp" is-config="true" duration-ms="1446" started-at="2020-06-08T01:47:21 IST" finished-at="2020-06-08T01:47:22 IST">
          <reporter-output>
          </reporter-output>
        </test-method> <!-- cleanUp -->
        <test-method status="PASS" signature="setUp()[pri:0, instance:com.notepad.qa.testcases.NotepadPageTest@5cdd8682]" name="setUp" is-config="true" duration-ms="5468" started-at="2020-06-08T01:47:22 IST" finished-at="2020-06-08T01:47:28 IST">
          <reporter-output>
          </reporter-output>
        </test-method> <!-- setUp -->
        <test-method status="FAIL" signature="checkSaveNewTXTFile()[pri:2, instance:com.notepad.qa.testcases.NotepadPageTest@5cdd8682]" name="checkSaveNewTXTFile" duration-ms="12166" started-at="2020-06-08T01:47:28 IST" finished-at="2020-06-08T01:47:40 IST">
          <exception class="org.openqa.selenium.NoSuchElementException">
            <message>
              <![CDATA[An element could not be located on the page using the given search parameters. (WARNING: The server did not provide any stacktrace information)
Command duration or timeout: 0 milliseconds
For documentation on this error, please visit: https://www.seleniumhq.org/exceptions/no_such_element.html
Build info: version: '3.141.59', revision: 'e82be7d358', time: '2018-11-14T08:17:03'
System info: host: 'LAPTOP-4ONFSHPF', ip: '192.168.0.104', os.name: 'Windows 10', os.arch: 'amd64', os.version: '10.0', java.version: '1.8.0_251'
Driver info: io.appium.java_client.windows.WindowsDriver
Capabilities {app: C:/ProgramData/Microsoft/Wi..., javascriptEnabled: true, platform: WINDOWS, platformName: Windows}
Session ID: FFFA1A3F-696D-418F-B30B-D4E7099AD09F
*** Element info: {Using=accessibility id, value=1148}]]>
            </message>
            <full-stacktrace>
              <![CDATA[org.openqa.selenium.NoSuchElementException: An element could not be located on the page using the given search parameters. (WARNING: The server did not provide any stacktrace information)
Command duration or timeout: 0 milliseconds
For documentation on this error, please visit: https://www.seleniumhq.org/exceptions/no_such_element.html
Build info: version: '3.141.59', revision: 'e82be7d358', time: '2018-11-14T08:17:03'
System info: host: 'LAPTOP-4ONFSHPF', ip: '192.168.0.104', os.name: 'Windows 10', os.arch: 'amd64', os.version: '10.0', java.version: '1.8.0_251'
Driver info: io.appium.java_client.windows.WindowsDriver
Capabilities {app: C:/ProgramData/Microsoft/Wi..., javascriptEnabled: true, platform: WINDOWS, platformName: Windows}
Session ID: FFFA1A3F-696D-418F-B30B-D4E7099AD09F
*** Element info: {Using=accessibility id, value=1148}
at sun.reflect.NativeConstructorAccessorImpl.newInstance0(Native Method)
at sun.reflect.NativeConstructorAccessorImpl.newInstance(NativeConstructorAccessorImpl.java:62)
at sun.reflect.DelegatingConstructorAccessorImpl.newInstance(DelegatingConstructorAccessorImpl.java:45)
at java.lang.reflect.Constructor.newInstance(Constructor.java:423)
at org.openqa.selenium.remote.ErrorHandler.createThrowable(ErrorHandler.java:214)
at org.openqa.selenium.remote.ErrorHandler.throwIfResponseFailed(ErrorHandler.java:166)
at org.openqa.selenium.remote.http.JsonHttpResponseCodec.reconstructValue(JsonHttpResponseCodec.java:40)
at org.openqa.selenium.remote.http.AbstractHttpResponseCodec.decode(AbstractHttpResponseCodec.java:80)
at org.openqa.selenium.remote.http.AbstractHttpResponseCodec.decode(AbstractHttpResponseCodec.java:44)
at org.openqa.selenium.remote.HttpCommandExecutor.execute(HttpCommandExecutor.java:158)
at io.appium.java_client.remote.AppiumCommandExecutor.execute(AppiumCommandExecutor.java:239)
at org.openqa.selenium.remote.RemoteWebDriver.execute(RemoteWebDriver.java:552)
at io.appium.java_client.DefaultGenericMobileDriver.execute(DefaultGenericMobileDriver.java:41)
at io.appium.java_client.AppiumDriver.execute(AppiumDriver.java:1)
at io.appium.java_client.windows.WindowsDriver.execute(WindowsDriver.java:1)
at org.openqa.selenium.remote.RemoteWebDriver.findElement(RemoteWebDriver.java:323)
at io.appium.java_client.DefaultGenericMobileDriver.findElement(DefaultGenericMobileDriver.java:61)
at io.appium.java_client.AppiumDriver.findElement(AppiumDriver.java:1)
at io.appium.java_client.windows.WindowsDriver.findElement(WindowsDriver.java:1)
at io.appium.java_client.FindsByAccessibilityId.findElementByAccessibilityId(FindsByAccessibilityId.java:37)
at com.notepad.qa.testcases.NotepadPageTest.checkSaveNewTXTFile(NotepadPageTest.java:60)
at sun.reflect.NativeMethodAccessorImpl.invoke0(Native Method)
at sun.reflect.NativeMethodAccessorImpl.invoke(NativeMethodAccessorImpl.java:62)
at sun.reflect.DelegatingMethodAccessorImpl.invoke(DelegatingMethodAccessorImpl.java:43)
at java.lang.reflect.Method.invoke(Method.java:498)
at org.testng.internal.MethodInvocationHelper.invokeMethod(MethodInvocationHelper.java:134)
at org.testng.internal.TestInvoker.invokeMethod(TestInvoker.java:597)
at org.testng.internal.TestInvoker.invokeTestMethod(TestInvoker.java:173)
at org.testng.internal.MethodRunner.runInSequence(MethodRunner.java:46)
at org.testng.internal.TestInvoker$MethodInvocationAgent.invoke(TestInvoker.java:816)
at org.testng.internal.TestInvoker.invokeTestMethods(TestInvoker.java:146)
at org.testng.internal.TestMethodWorker.invokeTestMethods(TestMethodWorker.java:146)
at org.testng.internal.TestMethodWorker.run(TestMethodWorker.java:128)
at java.util.ArrayList.forEach(ArrayList.java:1257)
at org.testng.TestRunner.privateRun(TestRunner.java:766)
at org.testng.TestRunner.run(TestRunner.java:587)
at org.testng.SuiteRunner.runTest(SuiteRunner.java:384)
at org.testng.SuiteRunner.runSequentially(SuiteRunner.java:378)
at org.testng.SuiteRunner.privateRun(SuiteRunner.java:337)
at org.testng.SuiteRunner.run(SuiteRunner.java:286)
at org.testng.SuiteRunnerWorker.runSuite(SuiteRunnerWorker.java:53)
at org.testng.SuiteRunnerWorker.run(SuiteRunnerWorker.java:96)
at org.testng.TestNG.runSuitesSequentially(TestNG.java:1187)
at org.testng.TestNG.runSuitesLocally(TestNG.java:1109)
at org.testng.TestNG.runSuites(TestNG.java:1039)
at org.testng.TestNG.run(TestNG.java:1007)
at org.testng.remote.AbstractRemoteTestNG.run(AbstractRemoteTestNG.java:115)
at org.testng.remote.RemoteTestNG.initAndRun(RemoteTestNG.java:251)
at org.testng.remote.RemoteTestNG.main(RemoteTestNG.java:77)
]]>
            </full-stacktrace>
          </exception> <!-- org.openqa.selenium.NoSuchElementException -->
          <reporter-output>
          </reporter-output>
        </test-method> <!-- checkSaveNewTXTFile -->
        <test-method status="PASS" signature="cleanUp()[pri:0, instance:com.notepad.qa.testcases.NotepadPageTest@5cdd8682]" name="cleanUp" is-config="true" duration-ms="821" started-at="2020-06-08T01:47:40 IST" finished-at="2020-06-08T01:47:41 IST">
          <reporter-output>
          </reporter-output>
        </test-method> <!-- cleanUp -->
        <test-method status="PASS" signature="tearDown()[pri:0, instance:com.notepad.qa.testcases.NotepadPageTest@5cdd8682]" name="tearDown" is-config="true" duration-ms="125" started-at="2020-06-08T01:47:41 IST" finished-at="2020-06-08T01:47:41 IST">
          <reporter-output>
          </reporter-output>
        </test-method> <!-- tearDown -->
      </class> <!-- com.notepad.qa.testcases.NotepadPageTest -->
    </test> <!-- Default test -->
  </suite> <!-- Default suite -->
</testng-results>
